timestamp: 2026-03-07T17:59:29.109573
CREATE TABLE "auth_user"(
    "id" INTEGER PRIMARY KEY AUTOINCREMENT,
    "first_name" CHAR(128),
    "last_name" CHAR(128),
    "email" CHAR(512),
    "password" CHAR(512),
    "registration_key" CHAR(512),
    "reset_password_key" CHAR(512),
    "registration_id" CHAR(512)
);
success!
timestamp: 2026-03-07T17:59:29.130924
CREATE TABLE "auth_group"(
    "id" INTEGER PRIMARY KEY AUTOINCREMENT,
    "role" CHAR(512),
    "description" TEXT
);
success!
timestamp: 2026-03-07T17:59:29.138774
CREATE TABLE "auth_membership"(
    "id" INTEGER PRIMARY KEY AUTOINCREMENT,
    "user_id" INTEGER REFERENCES "auth_user" ("id") ON DELETE CASCADE ON UPDATE CASCADE  ,
    "group_id" INTEGER REFERENCES "auth_group" ("id") ON DELETE CASCADE ON UPDATE CASCADE  
);
success!
timestamp: 2026-03-07T17:59:29.147013
CREATE TABLE "auth_permission"(
    "id" INTEGER PRIMARY KEY AUTOINCREMENT,
    "group_id" INTEGER REFERENCES "auth_group" ("id") ON DELETE CASCADE ON UPDATE CASCADE  ,
    "name" CHAR(512),
    "table_name" CHAR(512),
    "record_id" INTEGER
);
success!
timestamp: 2026-03-07T17:59:29.151474
CREATE TABLE "auth_event"(
    "id" INTEGER PRIMARY KEY AUTOINCREMENT,
    "time_stamp" TIMESTAMP,
    "client_ip" CHAR(512),
    "user_id" INTEGER REFERENCES "auth_user" ("id") ON DELETE CASCADE ON UPDATE CASCADE  ,
    "origin" CHAR(512),
    "description" TEXT
);
success!
timestamp: 2026-03-07T17:59:29.160238
CREATE TABLE "auth_cas"(
    "id" INTEGER PRIMARY KEY AUTOINCREMENT,
    "user_id" INTEGER REFERENCES "auth_user" ("id") ON DELETE CASCADE ON UPDATE CASCADE  ,
    "created_on" TIMESTAMP,
    "service" CHAR(512),
    "ticket" CHAR(512),
    "renew" CHAR(1)
);
success!
timestamp: 2026-03-07T17:59:29.166288
CREATE TABLE "client"(
    "id" INTEGER PRIMARY KEY AUTOINCREMENT,
    "name" CHAR(512),
    "status" CHAR(512),
    "phone" CHAR(512),
    "email" CHAR(512),
    "ltv" DOUBLE,
    "lead_src" CHAR(512)
);
success!
timestamp: 2026-03-07T18:06:13.700350
CREATE TABLE "service"(
    "id" INTEGER PRIMARY KEY AUTOINCREMENT,
    "name" CHAR(512),
    "base_price" DOUBLE,
    "service_type" CHAR(512),
    "description" TEXT,
    "status" CHAR(512)
);
success!
timestamp: 2026-03-07T18:11:40.050633
ALTER TABLE "client" ADD "client_name" CHAR(512);
success!
timestamp: 2026-03-07T18:11:40.070722
ALTER TABLE "service" ADD "service_name" CHAR(512);
success!
success!
success!
timestamp: 2026-03-07T18:16:37.396299
CREATE TABLE "project"(
    "id" INTEGER PRIMARY KEY AUTOINCREMENT,
    "project_name" CHAR(512),
    "client_id" INTEGER REFERENCES "client" ("id") ON DELETE CASCADE ON UPDATE CASCADE  ,
    "service_id" INTEGER REFERENCES "service" ("id") ON DELETE CASCADE ON UPDATE CASCADE  ,
    "deadline" DATE,
    "project_value" DOUBLE,
    "progress" DOUBLE,
    "description" TEXT,
    "status" CHAR(512)
);
success!
success!
success!
success!
success!
timestamp: 2026-03-07T18:19:08.564530
CREATE TABLE "deliverable_type"(
    "id" INTEGER PRIMARY KEY AUTOINCREMENT,
    "deliverable_type_name" CHAR(512) UNIQUE
);
success!
timestamp: 2026-03-07T18:19:08.574099
CREATE TABLE "service_deliverable_type"(
    "id" INTEGER PRIMARY KEY AUTOINCREMENT,
    "service_id" INTEGER REFERENCES "service" ("id") ON DELETE CASCADE ON UPDATE CASCADE  ,
    "deliverable_type_id" INTEGER REFERENCES "deliverable_type" ("id") ON DELETE CASCADE ON UPDATE CASCADE  
);
success!
success!
success!
timestamp: 2026-03-07T18:19:57.583440
CREATE TABLE "task"(
    "id" INTEGER PRIMARY KEY AUTOINCREMENT,
    "task_name" CHAR(512),
    "task_status" CHAR(512),
    "project_id" INTEGER REFERENCES "project" ("id") ON DELETE CASCADE ON UPDATE CASCADE  ,
    "deadline" DATE,
    "service_id" INTEGER REFERENCES "service" ("id") ON DELETE CASCADE ON UPDATE CASCADE  ,
    "deliverable_type" INTEGER REFERENCES "deliverable_type" ("id") ON DELETE CASCADE ON UPDATE CASCADE  ,
    "description" TEXT
);
success!
timestamp: 2026-03-07T18:19:57.586627
CREATE TABLE "project_task"(
    "id" INTEGER PRIMARY KEY AUTOINCREMENT,
    "project_id" INTEGER REFERENCES "project" ("id") ON DELETE CASCADE ON UPDATE CASCADE  ,
    "task_id" INTEGER REFERENCES "task" ("id") ON DELETE CASCADE ON UPDATE CASCADE  
);
success!
success!
success!
success!
success!
success!
success!
success!
success!
success!
success!
success!
success!
success!
success!
success!
success!
success!
success!
success!
success!
success!
success!
success!
success!
success!
success!
success!
success!
success!
success!
success!
success!
success!
success!
success!
success!
success!
success!
success!
success!
success!
success!
success!
success!
success!
success!
success!
success!
success!
success!
success!
success!
success!
success!
success!
success!
success!
success!
success!
success!
success!
success!
success!
success!
success!
success!
success!
success!
success!
success!
success!
success!
success!
success!
success!
success!
success!
success!
success!
success!
success!
success!
success!
success!
success!
success!
success!
success!
success!
success!
success!
success!
success!
success!
success!
success!
success!
success!
success!
success!
success!
success!
success!
success!
success!
success!
success!
success!
success!
success!
success!
success!
success!
success!
success!
success!
success!
success!
success!
success!
success!
success!
success!
success!
success!
success!
success!
success!
success!
success!
success!
success!
success!
success!
success!
success!
success!
success!
success!
success!
success!
success!
success!
success!
success!
success!
success!
success!
success!
success!
success!
success!
success!
success!
success!
success!
success!
success!
success!
success!
success!
success!
success!
success!
success!
success!
success!
success!
success!
success!
success!
success!
success!
success!
success!
success!
success!
success!
success!
success!
success!
success!
success!
success!
success!
success!
success!
success!
success!
success!
success!
success!
success!
success!
success!
success!
success!
success!
success!
success!
success!
success!
success!
success!
success!
success!
success!
success!
success!
success!
success!
success!
success!
success!
success!
success!
success!
success!
success!
success!
success!
success!
success!
success!
success!
success!
success!
success!
success!
success!
success!
success!
success!
success!
success!
success!
success!
success!
success!
success!
success!
success!
success!
success!
success!
success!
success!
success!
timestamp: 2026-03-09T11:23:20.510894
ALTER TABLE "client" ADD "is_active" CHAR(1);
success!
success!
success!
success!
success!
success!
success!
success!
success!
success!
success!
success!
success!
success!
success!
success!
success!
success!
success!
success!
success!
success!
success!
success!
success!
success!
success!
success!
success!
success!
success!
success!
success!
success!
success!
success!
success!
success!
success!
success!
success!
success!
success!
success!
success!
success!
success!
success!
success!
success!
success!
success!
success!
success!
success!
success!
success!
success!
success!
success!
success!
success!
success!
success!
success!
success!
success!
success!
success!
success!
success!
success!
success!
success!
success!
success!
success!
success!
success!
success!
success!
success!
success!
success!
success!
success!
success!
success!
success!
success!
success!
success!
success!
success!
success!
success!
success!
success!
success!
success!
success!
success!
success!
success!
success!
success!
success!
success!
success!
success!
success!
success!
success!
success!
success!
success!
success!
success!
success!
success!
success!
success!
success!
success!
success!
success!
success!
success!
success!
success!
success!
success!
success!
success!
success!
success!
success!
success!
success!
success!
success!
success!
success!
success!
success!
success!
success!
success!
success!
success!
success!
success!
success!
success!
success!
success!
success!
success!
success!
success!
success!
success!
success!
success!
success!
success!
success!
success!
success!
success!
success!
success!
success!
success!
success!
success!
success!
success!
success!
success!
success!
success!
success!
success!
success!
success!
success!
success!
success!
success!
success!
success!
success!
success!
success!
success!
success!
success!
success!
success!
success!
success!
success!
success!
success!
success!
success!
success!
success!
success!
success!
success!
success!
success!
success!
success!
success!
success!
success!
success!
success!
success!
success!
success!
success!
success!
success!
success!
success!
success!
success!
success!
success!
success!
success!
success!
success!
success!
success!
success!
success!
success!
success!
success!
success!
success!
success!
success!
success!
success!
success!
success!
success!
success!
success!
success!
success!
success!
success!
success!
success!
success!
success!
success!
success!
success!
success!
success!
